[DEBUG] 2021-01-17 12:05:20.795 [main] BibliothequeApplication - Appel LivreServiceImpl méthode findLivreById avec paramètre idLidvre : 1
[DEBUG] 2021-01-17 12:06:02.107 [main] BibliothequeApplication - Appel LivreServiceImpl méthode findLivreById avec paramètre idLidvre : 1
[DEBUG] 2021-01-17 12:30:59.660 [main] BibliothequeApplication - Appel LivreServiceImpl méthode findLivreById avec paramètre idLidvre : 1
[DEBUG] 2021-01-17 12:31:42.312 [main] BibliothequeApplication - Appel LivreServiceImpl méthode findLivreById avec paramètre idLidvre : 1
[DEBUG] 2021-01-17 12:32:57.662 [main] BibliothequeApplication - Appel LivreServiceImpl méthode findLivreById avec paramètre idLidvre : 1
[DEBUG] 2021-01-17 12:35:28.408 [main] BibliothequeApplication - Appel LivreServiceImpl méthode findLivreById avec paramètre idLidvre : 1
[DEBUG] 2021-01-17 12:36:00.572 [main] BibliothequeApplication - Appel LivreServiceImpl méthode findLivreById avec paramètre idLidvre : 1
[DEBUG] 2021-01-17 13:04:26.194 [main] BibliothequeApplication - Appel LivreServiceImpl méthode findByTitreContainingIgnoreCase avec paramètre mc : a
[DEBUG] 2021-01-17 13:08:29.119 [main] BibliothequeApplication - Appel LivreServiceImpl méthode findByTitreContainingIgnoreCase avec paramètre mc : a
[DEBUG] 2021-01-17 13:08:29.133 [main] BibliothequeApplication - Appel LivreServiceImpl méthode findLivreById avec paramètre idLidvre : 1
[DEBUG] 2021-01-17 13:08:29.184 [main] BibliothequeApplication - Appel LivreServiceImpl méthode findLivreById avec paramètre idLidvre : 2
[DEBUG] 2021-01-17 13:37:00.759 [main] BibliothequeApplication - Appel LivreServiceImpl méthode findLivreById avec paramètre idLidvre : 1
[DEBUG] 2021-01-17 13:37:36.375 [main] BibliothequeApplication - Appel LivreServiceImpl méthode findLivreById avec paramètre idLidvre : 1
[DEBUG] 2021-01-17 13:39:12.131 [main] BibliothequeApplication - Appel LivreServiceImpl méthode findLivreById avec paramètre idLidvre : 1
[DEBUG] 2021-01-17 13:40:16.464 [main] BibliothequeApplication - Appel LivreServiceImpl méthode findLivreById avec paramètre idLidvre : 1
[DEBUG] 2021-01-17 13:40:30.751 [main] BibliothequeApplication - Appel LivreServiceImpl méthode findLivreById avec paramètre idLidvre : 1
[DEBUG] 2021-01-17 14:01:52.735 [main] BibliothequeApplication - Appel LivreServiceImpl méthode findLivreById avec paramètre idLidvre : 1
[DEBUG] 2021-01-17 14:05:22.886 [main] BibliothequeApplication - Appel LivreServiceImpl méthode findByTitreContainingIgnoreCase avec paramètre mc : a
[DEBUG] 2021-01-17 14:05:22.905 [main] BibliothequeApplication - Appel LivreServiceImpl méthode findLivreById avec paramètre idLidvre : 1
[DEBUG] 2021-01-17 14:05:22.977 [main] BibliothequeApplication - Appel LivreServiceImpl méthode findLivreById avec paramètre idLidvre : 2
[DEBUG] 2021-01-17 15:37:10.627 [main] BibliothequeApplication - Appel empruntService méthode prolongerEmprunt avec paramètre idEmprunt : 8
[DEBUG] 2021-01-17 15:37:10.630 [main] BibliothequeApplication - Appel empruntService méthode ajouter4Semaines avec paramètre date : Sun Feb 14 15:37:09 CET 2021
[DEBUG] 2021-01-17 15:37:10.631 [main] BibliothequeApplication - Appel empruntService méthode findById avec paramètre id : 8
[DEBUG] 2021-01-17 15:37:10.631 [main] BibliothequeApplication - Appel empruntService méthode prolongerEmprunt avec paramètre idEmprunt : 8
[DEBUG] 2021-01-17 15:39:21.467 [main] BibliothequeApplication - Appel empruntService méthode findById avec paramètre id : 8
[DEBUG] 2021-01-17 21:15:01.795 [main] BibliothequeApplication - Appel empruntService méthode findAllByPseudoEmprunteur avec paramètre pseudoEmprunteur : ludo
[DEBUG] 2021-01-21 16:01:23.668 [main] BibliothequeApplication - Appel LivreServiceImpl méthode findByTitreContainingIgnoreCase avec paramètre mc : a
[DEBUG] 2021-01-21 16:01:23.684 [main] BibliothequeApplication - Appel LivreServiceImpl méthode findLivreById avec paramètre idLidvre : 1
[DEBUG] 2021-01-21 16:01:23.793 [main] BibliothequeApplication - Appel LivreServiceImpl méthode findLivreById avec paramètre idLidvre : 2
[DEBUG] 2021-01-21 16:01:33.526 [main] BibliothequeApplication - Appel LivreServiceImpl méthode findLivreById avec paramètre idLidvre : 1
[DEBUG] 2021-01-21 16:03:14.637 [main] BibliothequeApplication - Appel LivreServiceImpl méthode findLivreById avec paramètre idLidvre : 1
[DEBUG] 2021-01-21 16:03:14.713 [main] BibliothequeApplication - Appel empruntService méthode findById avec paramètre id : 8
[DEBUG] 2021-01-21 16:03:14.724 [main] BibliothequeApplication - Appel LivreServiceImpl méthode findByTitreContainingIgnoreCase avec paramètre mc : a
[DEBUG] 2021-01-21 16:03:14.727 [main] BibliothequeApplication - Appel LivreServiceImpl méthode findLivreById avec paramètre idLidvre : 1
[DEBUG] 2021-01-21 16:03:14.732 [main] BibliothequeApplication - Appel LivreServiceImpl méthode findLivreById avec paramètre idLidvre : 2
[DEBUG] 2021-01-21 17:03:31.217 [main] BibliothequeApplication - Appel LivreServiceImpl méthode findByTitreContainingIgnoreCase avec paramètre mc : a
[DEBUG] 2021-01-21 17:03:31.237 [main] BibliothequeApplication - Appel LivreServiceImpl méthode findLivreById avec paramètre idLidvre : 1
[DEBUG] 2021-01-21 17:03:31.313 [main] BibliothequeApplication - Appel LivreServiceImpl méthode findLivreById avec paramètre idLidvre : 2
[DEBUG] 2021-01-21 17:04:37.295 [main] BibliothequeApplication - Appel LivreServiceImpl méthode findLivreById avec paramètre idLidvre : 1
[DEBUG] 2021-01-21 17:04:37.353 [main] BibliothequeApplication - Appel empruntService méthode findById avec paramètre id : 8
[DEBUG] 2021-01-21 17:04:37.365 [main] BibliothequeApplication - Appel LivreServiceImpl méthode findByTitreContainingIgnoreCase avec paramètre mc : a
[DEBUG] 2021-01-21 17:04:37.369 [main] BibliothequeApplication - Appel LivreServiceImpl méthode findLivreById avec paramètre idLidvre : 1
[DEBUG] 2021-01-21 17:04:37.372 [main] BibliothequeApplication - Appel LivreServiceImpl méthode findLivreById avec paramètre idLidvre : 2
[DEBUG] 2021-01-21 18:19:03.000 [main] BibliothequeApplication - Appel LivreServiceImpl méthode findByTitreContainingIgnoreCase avec paramètre mc : a
[DEBUG] 2021-01-21 18:19:03.029 [main] BibliothequeApplication - Appel LivreServiceImpl méthode findLivreById avec paramètre idLidvre : 1
[DEBUG] 2021-01-21 18:19:03.131 [main] BibliothequeApplication - Appel LivreServiceImpl méthode findLivreById avec paramètre idLidvre : 2
[DEBUG] 2021-01-21 18:21:10.885 [main] BibliothequeApplication - Appel LivreServiceImpl méthode findLivreById avec paramètre idLidvre : 1
[DEBUG] 2021-01-21 18:21:10.974 [main] BibliothequeApplication - Appel empruntService méthode findById avec paramètre id : 8
[DEBUG] 2021-01-21 18:21:10.990 [main] BibliothequeApplication - Appel LivreServiceImpl méthode findByTitreContainingIgnoreCase avec paramètre mc : a
[DEBUG] 2021-01-21 18:21:10.995 [main] BibliothequeApplication - Appel LivreServiceImpl méthode findLivreById avec paramètre idLidvre : 1
[DEBUG] 2021-01-21 18:21:10.999 [main] BibliothequeApplication - Appel LivreServiceImpl méthode findLivreById avec paramètre idLidvre : 2
